c:\users\jia hua\desktop\oop345\ws05\part 2\x64\debug\vc142.pdb
c:\users\jia hua\desktop\oop345\ws05\part 2\x64\debug\vc142.idb
c:\users\jia hua\desktop\oop345\ws05\part 2\x64\debug\spellchecker.obj
c:\users\jia hua\desktop\oop345\ws05\part 2\x64\debug\movie.obj
c:\users\jia hua\desktop\oop345\ws05\part 2\x64\debug\book.obj
c:\users\jia hua\desktop\oop345\ws05\part 2\x64\debug\w5_p2.obj
c:\users\jia hua\desktop\oop345\ws05\part 2\x64\debug\project1.pdb
c:\users\jia hua\desktop\oop345\ws05\part 2\x64\debug\project1.tlog\cl.command.1.tlog
c:\users\jia hua\desktop\oop345\ws05\part 2\x64\debug\project1.tlog\cl.read.1.tlog
c:\users\jia hua\desktop\oop345\ws05\part 2\x64\debug\project1.tlog\cl.write.1.tlog
c:\users\jia hua\desktop\oop345\ws05\part 2\x64\debug\project1.tlog\link-cvtres.read.1.tlog
c:\users\jia hua\desktop\oop345\ws05\part 2\x64\debug\project1.tlog\link-cvtres.write.1.tlog
c:\users\jia hua\desktop\oop345\ws05\part 2\x64\debug\project1.tlog\link-rc.read.1.tlog
c:\users\jia hua\desktop\oop345\ws05\part 2\x64\debug\project1.tlog\link-rc.write.1.tlog
c:\users\jia hua\desktop\oop345\ws05\part 2\x64\debug\project1.tlog\link.18920-cvtres.read.1.tlog
c:\users\jia hua\desktop\oop345\ws05\part 2\x64\debug\project1.tlog\link.18920-cvtres.write.1.tlog
c:\users\jia hua\desktop\oop345\ws05\part 2\x64\debug\project1.tlog\link.18920-rc.read.1.tlog
c:\users\jia hua\desktop\oop345\ws05\part 2\x64\debug\project1.tlog\link.18920-rc.write.1.tlog
c:\users\jia hua\desktop\oop345\ws05\part 2\x64\debug\project1.tlog\link.18920.read.1.tlog
c:\users\jia hua\desktop\oop345\ws05\part 2\x64\debug\project1.tlog\link.18920.write.1.tlog
c:\users\jia hua\desktop\oop345\ws05\part 2\x64\debug\project1.tlog\link.command.1.tlog
c:\users\jia hua\desktop\oop345\ws05\part 2\x64\debug\project1.tlog\link.read.1.tlog
c:\users\jia hua\desktop\oop345\ws05\part 2\x64\debug\project1.tlog\link.write.1.tlog
